<?xml version="1.0" encoding="UTF-8"?>
<testsuite xmlns:xsi="http://www.w3.org/2001/XMLSchema-instance" xsi:noNamespaceSchemaLocation="https://maven.apache.org/surefire/maven-failsafe-plugin/xsd/failsafe-test-report.xsd" name="ppss.ClienteDAO_IT" time="0.457" tests="6" errors="0" skipped="0" failures="1">
  <properties>
[...]
</properties>
  <testcase name="test_delete2" classname="ppss.ClienteDAO_IT" time="0.317"/>
  <testcase name="testRetrieve" classname="ppss.ClienteDAO_IT" time="0.021"/>
  <testcase name="test_insert2" classname="ppss.ClienteDAO_IT" time="0.031"/>
  <testcase name="testDelete" classname="ppss.ClienteDAO_IT" time="0.028"/>
  <testcase name="testInsert" classname="ppss.ClienteDAO_IT" time="0.019">
    <failure message="row count (table=cliente) expected:&lt;1&gt; but was:&lt;0&gt;" type="org.dbunit.assertion.DbComparisonFailure"><![CDATA[org.dbunit.assertion.DbComparisonFailure: row count (table=cliente) expected:<1> but was:<0>
	at ppss.ClienteDAO_IT.testInsert(ClienteDAO_IT.java:64)
]]></failure>
    <system-out><![CDATA[sql = insert into cliente (id, nombre, apellido, direccion, ciudad) values (1, 'John', 'Smith', '1 Main Street', 'Anycity')
]]></system-out>
    <system-err><![CDATA[[main] ERROR org.dbunit.assertion.DbUnitAssertBase - org.dbunit.assertion.DbComparisonFailure[row count (table=cliente)expected:<1>but was:<0>]
]]></system-err>
  </testcase>
  <testcase name="testUpdate" classname="ppss.ClienteDAO_IT" time="0.034"/>
</testsuite>